<?xml version="1.0" encoding="UTF-8"?>
<!-- Generated by org.testng.reporters.JUnitReportReporter -->
<testsuite hostname="DESKTOP-Q9U7V40" failures="0" tests="1" name="com.restassured.tests.PutAPIRequest" time="8.099" errors="0" timestamp="2024-03-28T10:36:39 IST" skipped="0">
  <testcase classname="com.restassured.tests.PutAPIRequest" name="putAPIRequest" time="8.099"/>
</testsuite> <!-- com.restassured.tests.PutAPIRequest -->
