<?xml version="1.0" encoding="UTF-8"?>
<!-- Generated by org.testng.reporters.JUnitReportReporter -->
<testsuite hostname="DESKTOP-Q9U7V40" failures="0" tests="1" name="com.restassured.tests.PatchAPIRequest" time="9.252" errors="0" timestamp="2024-03-28T10:59:32 IST" skipped="0">
  <testcase classname="com.restassured.tests.PatchAPIRequest" name="patchAPIRequest" time="9.252"/>
</testsuite> <!-- com.restassured.tests.PatchAPIRequest -->
