<?xml version="1.0" encoding="UTF-8"?>
<!-- Generated by org.testng.reporters.JUnitReportReporter -->
<testsuite hostname="DESKTOP-Q9U7V40" failures="0" tests="1" name="com.restassured.tests.GetAPIRequest" time="3.545" errors="0" timestamp="2024-03-27T17:33:11 IST" skipped="0">
  <testcase classname="com.restassured.tests.GetAPIRequest" name="getAllBookings" time="3.545"/>
</testsuite> <!-- com.restassured.tests.GetAPIRequest -->
