<?xml version="1.0" encoding="UTF-8"?>
<!-- Generated by org.testng.reporters.JUnitReportReporter -->
<testsuite hostname="DESKTOP-Q9U7V40" failures="0" tests="1" name="com.restassured.tests.PostAPIRequest" time="8.188" errors="0" timestamp="2024-03-27T21:30:34 IST" skipped="0">
  <testcase classname="com.restassured.tests.PostAPIRequest" name="createBooking" time="8.188"/>
</testsuite> <!-- com.restassured.tests.PostAPIRequest -->
