<?xml version="1.0" encoding="UTF-8"?>
<!-- Generated by org.testng.reporters.JUnitReportReporter -->
<testsuite hostname="DESKTOP-Q9U7V40" failures="0" tests="1" name="com.restassured.tests.PostAPIRequestUsingPojos" time="6.297" errors="0" timestamp="2024-03-28T07:41:02 IST" skipped="0">
  <testcase classname="com.restassured.tests.PostAPIRequestUsingPojos" name="postAPIReqeust" time="6.297"/>
</testsuite> <!-- com.restassured.tests.PostAPIRequestUsingPojos -->
