<?xml version="1.0" encoding="UTF-8"?>
<!-- Generated by org.testng.reporters.JUnitReportReporter -->
<testsuite hostname="DESKTOP-Q9U7V40" failures="0" tests="1" name="com.restassured.tests.PostAPIRequestUsingFile" time="6.550" errors="0" timestamp="2024-03-27T22:13:47 IST" skipped="0">
  <testcase classname="com.restassured.tests.PostAPIRequestUsingFile" name="postAPIRequest" time="6.550"/>
</testsuite> <!-- com.restassured.tests.PostAPIRequestUsingFile -->
