<?xml version="1.0" encoding="UTF-8"?>
<!-- Generated by org.testng.reporters.JUnitReportReporter -->
<testsuite hostname="DESKTOP-Q9U7V40" failures="0" tests="1" name="com.restassured.tests.EndtoEndAPIRequest" time="11.761" errors="0" timestamp="2024-03-28T11:53:24 IST" skipped="0">
  <testcase classname="com.restassured.tests.EndtoEndAPIRequest" name="EndToEndAPIRequest" time="11.761"/>
</testsuite> <!-- com.restassured.tests.EndtoEndAPIRequest -->
