<?xml version="1.0" encoding="UTF-8"?>
<!-- Generated by org.testng.reporters.JUnitReportReporter -->
<testsuite skipped="0" hostname="DESKTOP-Q9U7V40" name="com.restassured.tests.DatadrivenapitestingusingJson" tests="4" failures="0" timestamp="2024-03-29T09:00:21 IST" time="5.719" errors="0">
  <testcase name="DataDrivenUsingJson" time="1.303" classname="com.restassured.tests.DatadrivenapitestingusingJson"/>
  <system-out/>
  <testcase name="DataDrivenUsingJson" time="1.398" classname="com.restassured.tests.DatadrivenapitestingusingJson"/>
  <system-out/>
  <testcase name="DataDrivenUsingJson" time="1.717" classname="com.restassured.tests.DatadrivenapitestingusingJson"/>
  <system-out/>
  <testcase name="DataDrivenUsingJson" time="1.301" classname="com.restassured.tests.DatadrivenapitestingusingJson"/>
  <system-out/>
</testsuite> <!-- com.restassured.tests.DatadrivenapitestingusingJson -->
