<?xml version="1.0" encoding="UTF-8"?>
<!-- Generated by org.testng.reporters.JUnitReportReporter -->
<testsuite skipped="0" hostname="DESKTOP-Q9U7V40" name="com.restassured.tests.PatchAPIRequest" tests="1" failures="0" timestamp="2024-03-29T09:00:21 IST" time="7.260" errors="0">
  <testcase name="patchAPIRequest" time="7.260" classname="com.restassured.tests.PatchAPIRequest"/>
  <system-out/>
</testsuite> <!-- com.restassured.tests.PatchAPIRequest -->
