<?xml version="1.0" encoding="UTF-8"?>
<!-- Generated by org.testng.reporters.JUnitReportReporter -->
<testsuite skipped="0" hostname="DESKTOP-Q9U7V40" name="com.restassured.tests.EndtoEndAPIRequest" tests="1" failures="0" timestamp="2024-03-29T09:00:21 IST" time="8.662" errors="0">
  <testcase name="EndToEndAPIRequest" time="8.662" classname="com.restassured.tests.EndtoEndAPIRequest"/>
  <system-out/>
</testsuite> <!-- com.restassured.tests.EndtoEndAPIRequest -->
