<?xml version="1.0" encoding="UTF-8"?>
<!-- Generated by org.testng.reporters.JUnitReportReporter -->
<testsuite skipped="0" hostname="DESKTOP-Q9U7V40" name="com.restassured.tests.GetAPIRequest" tests="1" failures="0" timestamp="2024-03-29T09:00:21 IST" time="2.012" errors="0">
  <testcase name="getAllBookings" time="2.012" classname="com.restassured.tests.GetAPIRequest"/>
  <system-out/>
</testsuite> <!-- com.restassured.tests.GetAPIRequest -->
