<?xml version="1.0" encoding="UTF-8"?>
<!-- Generated by org.testng.reporters.JUnitReportReporter -->
<testsuite skipped="0" hostname="DESKTOP-Q9U7V40" name="com.restassured.tests.Allurereportgeneration" tests="1" failures="0" timestamp="2024-03-29T09:00:21 IST" time="9.268" errors="0">
  <testcase name="EndToEndAPIRequest" time="9.268" classname="com.restassured.tests.Allurereportgeneration"/>
  <system-out/>
</testsuite> <!-- com.restassured.tests.Allurereportgeneration -->
