<?xml version="1.0" encoding="UTF-8"?>
<!-- Generated by org.testng.reporters.JUnitReportReporter -->
<testsuite skipped="0" hostname="DESKTOP-Q9U7V40" name="com.restassured.tests.PutAPIRequest" tests="1" failures="0" timestamp="2024-03-29T09:00:21 IST" time="5.601" errors="0">
  <testcase name="putAPIRequest" time="5.601" classname="com.restassured.tests.PutAPIRequest"/>
  <system-out/>
</testsuite> <!-- com.restassured.tests.PutAPIRequest -->
